2025-01-02 20:33:09,836 - INFO - OTP 발급 성공: R2tITXoVajRekYQz/uq/8BYNRiiBrLNWi66zk33xwBoRtSksuLS7Bnxpl86F7dAOkunw9BBwugQaSjGAcH15eSPZwT3eA68BJpxJVksRYdYtBgM+EFJCxYg3zco1gIgRZqIo4cIzoURnTI8+MmkJ4v/rk8yudrOQ53ef0cNipdpCT2QuimcLoNhc1Lfcxcp2zXt/wiFT3lY4zZLV84P+nFYo9mrWvGCVTr7yVbjg2wtc9glyj0xDQ2lZrfrchZWN
2025-01-02 20:33:10,420 - INFO - 파일 저장 성공: data/krx_STK_20250102.csv
2025-01-02 20:33:10,439 - ERROR - 데이터베이스 저장 중 오류 발생: (pymysql.err.OperationalError) (1054, "Unknown column 'exchange' in 'field list'")
[SQL: 
                            UPDATE stocks
                            SET name = %(name)s, exchange = %(exchange)s, sector = %(sector)s
                            WHERE id = %(id)s
                        ]
[parameters: {'name': 'AJ네트웍스', 'exchange': 'KOSDAQ', 'sector': '일반서비스', 'id': 1}]
(Background on this error at: https://sqlalche.me/e/20/e3q8)
2025-01-02 20:33:10,439 - ERROR - 오류 발생: (pymysql.err.OperationalError) (1054, "Unknown column 'exchange' in 'field list'")
[SQL: 
                            UPDATE stocks
                            SET name = %(name)s, exchange = %(exchange)s, sector = %(sector)s
                            WHERE id = %(id)s
                        ]
[parameters: {'name': 'AJ네트웍스', 'exchange': 'KOSDAQ', 'sector': '일반서비스', 'id': 1}]
(Background on this error at: https://sqlalche.me/e/20/e3q8)
2025-01-02 20:34:23,011 - INFO - OTP 발급 성공: R2tITXoVajRekYQz/uq/8KL5fqKlHoq1oKC8/jIt2lURtSksuLS7Bnxpl86F7dAOkunw9BBwugQaSjGAcH15eSPZwT3eA68BJpxJVksRYdYtBgM+EFJCxYg3zco1gIgRZqIo4cIzoURnTI8+MmkJ4v/rk8yudrOQ53ef0cNipdpCT2QuimcLoNhc1Lfcxcp2zXt/wiFT3lY4zZLV84P+nFYo9mrWvGCVTr7yVbjg2wtc9glyj0xDQ2lZrfrchZWN
2025-01-02 20:34:23,454 - INFO - 파일 저장 성공: data/krx_STK_20250102.csv
2025-01-02 20:34:23,462 - ERROR - 데이터베이스 저장 중 오류 발생: (pymysql.err.OperationalError) (1054, "Unknown column 'sector' in 'field list'")
[SQL: 
                            UPDATE stocks
                            SET name = %(name)s, market = %(market)s, sector = %(sector)s
                            WHERE id = %(id)s
                        ]
[parameters: {'name': 'AJ네트웍스', 'market': 'KOSDAQ', 'sector': '일반서비스', 'id': 1}]
(Background on this error at: https://sqlalche.me/e/20/e3q8)
2025-01-02 20:34:23,463 - ERROR - 오류 발생: (pymysql.err.OperationalError) (1054, "Unknown column 'sector' in 'field list'")
[SQL: 
                            UPDATE stocks
                            SET name = %(name)s, market = %(market)s, sector = %(sector)s
                            WHERE id = %(id)s
                        ]
[parameters: {'name': 'AJ네트웍스', 'market': 'KOSDAQ', 'sector': '일반서비스', 'id': 1}]
(Background on this error at: https://sqlalche.me/e/20/e3q8)
2025-01-02 20:35:58,979 - INFO - OTP 발급 성공: R2tITXoVajRekYQz/uq/8F8aMorPEaMHnppRjQHLvsIRtSksuLS7Bnxpl86F7dAOkunw9BBwugQaSjGAcH15eSPZwT3eA68BJpxJVksRYdYtBgM+EFJCxYg3zco1gIgRZqIo4cIzoURnTI8+MmkJ4v/rk8yudrOQ53ef0cNipdpCT2QuimcLoNhc1Lfcxcp2zXt/wiFT3lY4zZLV84P+nFYo9mrWvGCVTr7yVbjg2wtc9glyj0xDQ2lZrfrchZWN
2025-01-02 20:35:59,442 - INFO - 파일 저장 성공: data/krx_STK_20250102.csv
2025-01-02 20:37:39,428 - INFO - OTP 발급 성공: R2tITXoVajRekYQz/uq/8P6/326bgXA84Hujdi1a4BYRtSksuLS7Bnxpl86F7dAOkunw9BBwugQaSjGAcH15eSPZwT3eA68BJpxJVksRYdYtBgM+EFJCxYg3zco1gIgRZqIo4cIzoURnTI8+MmkJ4v/rk8yudrOQ53ef0cNipdpCT2QuimcLoNhc1Lfcxcp2zXt/wiFT3lY4zZLV84P+nFYo9mrWvGCVTr7yVbjg2wtc9glyj0xDQ2lZrfrchZWN
2025-01-02 20:37:39,894 - INFO - 파일 저장 성공: data/krx_STK_20250102.csv
2025-01-02 20:37:39,930 - ERROR - 데이터베이스 저장 중 오류 발생: (pymysql.err.OperationalError) (1054, "Unknown column 'sector' in 'field list'")
[SQL: 
                            UPDATE stocks
                            SET name = %(name)s, market = %(market)s, sector = %(sector)s
                            WHERE id = %(id)s
                        ]
[parameters: {'name': 'AJ네트웍스', 'market': 'KOSDAQ', 'sector': '일반서비스', 'id': 1}]
(Background on this error at: https://sqlalche.me/e/20/e3q8)
2025-01-02 20:37:39,930 - ERROR - 오류 발생: (pymysql.err.OperationalError) (1054, "Unknown column 'sector' in 'field list'")
[SQL: 
                            UPDATE stocks
                            SET name = %(name)s, market = %(market)s, sector = %(sector)s
                            WHERE id = %(id)s
                        ]
[parameters: {'name': 'AJ네트웍스', 'market': 'KOSDAQ', 'sector': '일반서비스', 'id': 1}]
(Background on this error at: https://sqlalche.me/e/20/e3q8)
2025-01-02 20:39:16,197 - INFO - OTP 발급 성공: R2tITXoVajRekYQz/uq/8GNC0XOJC+ecLwOGsWUI6NgRtSksuLS7Bnxpl86F7dAOkunw9BBwugQaSjGAcH15eSPZwT3eA68BJpxJVksRYdYtBgM+EFJCxYg3zco1gIgRZqIo4cIzoURnTI8+MmkJ4v/rk8yudrOQ53ef0cNipdpCT2QuimcLoNhc1Lfcxcp2zXt/wiFT3lY4zZLV84P+nFYo9mrWvGCVTr7yVbjg2wtc9glyj0xDQ2lZrfrchZWN
2025-01-02 20:39:16,423 - INFO - 파일 저장 성공: data/krx_STK_20250102.csv
2025-01-02 20:39:16,432 - ERROR - 데이터베이스 저장 중 오류 발생: (pymysql.err.OperationalError) (1054, "Unknown column 'exchange' in 'field list'")
[SQL: 
                            UPDATE stocks
                            SET name = %(name)s, exchange = %(exchange)s, sector = %(sector)s
                            WHERE id = %(id)s
                        ]
[parameters: {'name': 'AJ네트웍스', 'exchange': 'KOSDAQ', 'sector': '일반서비스', 'id': 1}]
(Background on this error at: https://sqlalche.me/e/20/e3q8)
2025-01-02 20:39:16,432 - ERROR - 오류 발생: (pymysql.err.OperationalError) (1054, "Unknown column 'exchange' in 'field list'")
[SQL: 
                            UPDATE stocks
                            SET name = %(name)s, exchange = %(exchange)s, sector = %(sector)s
                            WHERE id = %(id)s
                        ]
[parameters: {'name': 'AJ네트웍스', 'exchange': 'KOSDAQ', 'sector': '일반서비스', 'id': 1}]
(Background on this error at: https://sqlalche.me/e/20/e3q8)
2025-01-02 20:40:07,064 - INFO - OTP 발급 성공: R2tITXoVajRekYQz/uq/8OskxIiAqB/QauqB2BtnWeIRtSksuLS7Bnxpl86F7dAOkunw9BBwugQaSjGAcH15eSPZwT3eA68BJpxJVksRYdYtBgM+EFJCxYg3zco1gIgRZqIo4cIzoURnTI8+MmkJ4v/rk8yudrOQ53ef0cNipdpCT2QuimcLoNhc1Lfcxcp2zXt/wiFT3lY4zZLV84P+nFYo9mrWvGCVTr7yVbjg2wtc9glyj0xDQ2lZrfrchZWN
2025-01-02 20:40:07,559 - INFO - 파일 저장 성공: data/krx_STK_20250102.csv
2025-01-02 20:40:07,567 - ERROR - 데이터베이스 저장 중 오류 발생: (pymysql.err.OperationalError) (1054, "Unknown column 'exchange' in 'field list'")
[SQL: 
                            UPDATE stocks
                            SET name = %(name)s, exchange = %(exchange)s, sector = %(sector)s
                            WHERE id = %(id)s
                        ]
[parameters: {'name': 'AJ네트웍스', 'exchange': 'KOSDAQ', 'sector': '일반서비스', 'id': 1}]
(Background on this error at: https://sqlalche.me/e/20/e3q8)
2025-01-02 20:40:07,567 - ERROR - 오류 발생: (pymysql.err.OperationalError) (1054, "Unknown column 'exchange' in 'field list'")
[SQL: 
                            UPDATE stocks
                            SET name = %(name)s, exchange = %(exchange)s, sector = %(sector)s
                            WHERE id = %(id)s
                        ]
[parameters: {'name': 'AJ네트웍스', 'exchange': 'KOSDAQ', 'sector': '일반서비스', 'id': 1}]
(Background on this error at: https://sqlalche.me/e/20/e3q8)
2025-01-02 20:40:52,702 - INFO - OTP 발급 성공: R2tITXoVajRekYQz/uq/8L4bLE6+OqsyTgipH4dewQsRtSksuLS7Bnxpl86F7dAOkunw9BBwugQaSjGAcH15eSPZwT3eA68BJpxJVksRYdYtBgM+EFJCxYg3zco1gIgRZqIo4cIzoURnTI8+MmkJ4v/rk8yudrOQ53ef0cNipdpCT2QuimcLoNhc1Lfcxcp2zXt/wiFT3lY4zZLV84P+nFYo9mrWvGCVTr7yVbjg2wtc9glyj0xDQ2lZrfrchZWN
2025-01-02 20:40:52,940 - INFO - 파일 저장 성공: data/krx_STK_20250102.csv
2025-01-02 20:40:52,949 - ERROR - 데이터베이스 저장 중 오류 발생: (pymysql.err.OperationalError) (1054, "Unknown column 'id' in 'field list'")
[SQL: SELECT id FROM stocks WHERE code = %(code)s]
[parameters: {'code': '095570'}]
(Background on this error at: https://sqlalche.me/e/20/e3q8)
2025-01-02 20:40:52,949 - ERROR - 오류 발생: (pymysql.err.OperationalError) (1054, "Unknown column 'id' in 'field list'")
[SQL: SELECT id FROM stocks WHERE code = %(code)s]
[parameters: {'code': '095570'}]
(Background on this error at: https://sqlalche.me/e/20/e3q8)
2025-01-02 20:41:45,740 - INFO - OTP 발급 성공: R2tITXoVajRekYQz/uq/8I+snsBWNrGRS8JeECrsfz0RtSksuLS7Bnxpl86F7dAOkunw9BBwugQaSjGAcH15eSPZwT3eA68BJpxJVksRYdYtBgM+EFJCxYg3zco1gIgRZqIo4cIzoURnTI8+MmkJ4v/rk8yudrOQ53ef0cNipdpCT2QuimcLoNhc1Lfcxcp2zXt/wiFT3lY4zZLV84P+nFYo9mrWvGCVTr7yVbjg2wtc9glyj0xDQ2lZrfrchZWN
2025-01-02 20:41:46,276 - INFO - 파일 저장 성공: data/krx_STK_20250102.csv
2025-01-02 20:41:46,289 - ERROR - 데이터베이스 저장 중 오류 발생: (pymysql.err.ProgrammingError) (1146, "Table 'dividend_v2.market' doesn't exist")
[SQL: 
                        INSERT INTO market (stock_id, date, close_price, market_cap)
                        VALUES (%(stock_id)s, %(date)s, %(close_price)s, %(market_cap)s)
                        ON DUPLICATE KEY UPDATE
                            close_price = VALUES(close_price),
                            market_cap = VALUES(market_cap)
                    ]
[parameters: {'stock_id': 1, 'date': '2025-01-02', 'close_price': 4295.0, 'market_cap': 194360599905}]
(Background on this error at: https://sqlalche.me/e/20/f405)
2025-01-02 20:41:46,289 - ERROR - 오류 발생: (pymysql.err.ProgrammingError) (1146, "Table 'dividend_v2.market' doesn't exist")
[SQL: 
                        INSERT INTO market (stock_id, date, close_price, market_cap)
                        VALUES (%(stock_id)s, %(date)s, %(close_price)s, %(market_cap)s)
                        ON DUPLICATE KEY UPDATE
                            close_price = VALUES(close_price),
                            market_cap = VALUES(market_cap)
                    ]
[parameters: {'stock_id': 1, 'date': '2025-01-02', 'close_price': 4295.0, 'market_cap': 194360599905}]
(Background on this error at: https://sqlalche.me/e/20/f405)
2025-01-02 20:46:36,562 - INFO - OTP 발급 성공: R2tITXoVajRekYQz/uq/8MZnt7L6zBDvNW1RqBvvvSsRtSksuLS7Bnxpl86F7dAOkunw9BBwugQaSjGAcH15eSPZwT3eA68BJpxJVksRYdYtBgM+EFJCxYg3zco1gIgRZqIo4cIzoURnTI8+MmkJ4v/rk8yudrOQ53ef0cNipdpCT2QuimcLoNhc1Lfcxcp2zXt/wiFT3lY4zZLV84P+nFYo9mrWvGCVTr7yVbjg2wtc9glyj0xDQ2lZrfrchZWN
2025-01-02 20:46:37,002 - INFO - 파일 저장 성공: data/krx_STK_20250102.csv
2025-01-02 20:46:37,356 - INFO - 데이터베이스에 성공적으로 저장되었습니다: data/krx_STK_20250102.csv
2025-01-02 20:46:37,406 - INFO - OTP 발급 성공: R2tITXoVajRekYQz/uq/8GmhTPimiBnHnDATFV8MUowRtSksuLS7Bnxpl86F7dAOkunw9BBwugQaSjGAcH15eSPZwT3eA68BJpxJVksRYdb+lNE/mS3HSeH9JSPc/lHYZqIo4cIzoURnTI8+MmkJ4v/rk8yudrOQ53ef0cNipdpCT2QuimcLoNhc1Lfcxcp2zXt/wiFT3lY4zZLV84P+nFYo9mrWvGCVTr7yVbjg2wtc9glyj0xDQ2lZrfrchZWN
2025-01-02 20:46:38,030 - INFO - 파일 저장 성공: data/krx_KSQ_20250102.csv
2025-01-02 20:46:38,688 - INFO - 데이터베이스에 성공적으로 저장되었습니다: data/krx_KSQ_20250102.csv
2025-01-02 20:48:52,324 - INFO - OTP 발급 성공: R2tITXoVajRekYQz/uq/8Dw41lSDiD/7M7So3LPwcQ4RtSksuLS7Bnxpl86F7dAOkunw9BBwugQaSjGAcH15eSPZwT3eA68BJpxJVksRYdYtBgM+EFJCxYg3zco1gIgRZqIo4cIzoURnTI8+MmkJ4v/rk8yudrOQ53ef0cNipdpCT2QuimcLoNhc1Lfcxcp2zXt/wiFT3lY4zZLV84P+nFYo9mrWvGCVTr7yVbjg2wtc9glyj0xDQ2lZrfrchZWN
2025-01-02 20:48:52,781 - INFO - 파일 저장 성공: data/krx_STK_20250102.csv
2025-01-02 20:48:53,141 - INFO - 데이터베이스에 성공적으로 저장되었습니다: data/krx_STK_20250102.csv
2025-01-02 20:48:53,221 - INFO - OTP 발급 성공: R2tITXoVajRekYQz/uq/8B/RYX8qxU8btsGyv4GaG4YRtSksuLS7Bnxpl86F7dAOkunw9BBwugQaSjGAcH15eSPZwT3eA68BJpxJVksRYdb+lNE/mS3HSeH9JSPc/lHYZqIo4cIzoURnTI8+MmkJ4v/rk8yudrOQ53ef0cNipdpCT2QuimcLoNhc1Lfcxcp2zXt/wiFT3lY4zZLV84P+nFYo9mrWvGCVTr7yVbjg2wtc9glyj0xDQ2lZrfrchZWN
2025-01-02 20:48:53,758 - INFO - 파일 저장 성공: data/krx_KSQ_20250102.csv
2025-01-02 20:48:54,374 - INFO - 데이터베이스에 성공적으로 저장되었습니다: data/krx_KSQ_20250102.csv
2025-01-03 17:19:26,891 - INFO - OTP 발급 성공: R2tITXoVajRekYQz/uq/8OFG5DFwB3ndUCMcVfMnXGsRtSksuLS7Bnxpl86F7dAOkunw9BBwugQaSjGAcH15ebKxz+U80ZfQKZgqWeHSfq4tBgM+EFJCxYg3zco1gIgRZqIo4cIzoURnTI8+MmkJ4v/rk8yudrOQ53ef0cNipdpCT2QuimcLoNhc1Lfcxcp2zXt/wiFT3lY4zZLV84P+nFYo9mrWvGCVTr7yVbjg2wtc9glyj0xDQ2lZrfrchZWN
2025-01-03 17:19:27,183 - INFO - 파일 저장 성공: data/krx_STK_20250103.csv
2025-01-03 17:19:27,586 - INFO - 데이터베이스에 성공적으로 저장되었습니다: data/krx_STK_20250103.csv
2025-01-03 17:19:27,644 - INFO - OTP 발급 성공: R2tITXoVajRekYQz/uq/8G1wjS63YDSNizIrMSEM11wRtSksuLS7Bnxpl86F7dAOkunw9BBwugQaSjGAcH15ebKxz+U80ZfQKZgqWeHSfq7+lNE/mS3HSeH9JSPc/lHYZqIo4cIzoURnTI8+MmkJ4v/rk8yudrOQ53ef0cNipdpCT2QuimcLoNhc1Lfcxcp2zXt/wiFT3lY4zZLV84P+nFYo9mrWvGCVTr7yVbjg2wtc9glyj0xDQ2lZrfrchZWN
2025-01-03 17:19:27,967 - INFO - 파일 저장 성공: data/krx_KSQ_20250103.csv
2025-01-03 17:19:28,583 - INFO - 데이터베이스에 성공적으로 저장되었습니다: data/krx_KSQ_20250103.csv
2025-01-03 17:34:21,251 - INFO - OTP 발급 성공: R2tITXoVajRekYQz/uq/8L508cYK9dbhFa8VkX7CiLoRtSksuLS7Bnxpl86F7dAOkunw9BBwugQaSjGAcH15ebKxz+U80ZfQKZgqWeHSfq4tBgM+EFJCxYg3zco1gIgRZqIo4cIzoURnTI8+MmkJ4v/rk8yudrOQ53ef0cNipdpCT2QuimcLoNhc1Lfcxcp2zXt/wiFT3lY4zZLV84P+nFYo9mrWvGCVTr7yVbjg2wtc9glyj0xDQ2lZrfrchZWN
2025-01-03 17:34:21,521 - INFO - 파일 저장 성공: data/krx_STK_20250103.csv
2025-01-03 17:34:22,015 - INFO - 데이터베이스에 성공적으로 저장되었습니다: data/krx_STK_20250103.csv
2025-01-03 17:34:22,052 - INFO - OTP 발급 성공: R2tITXoVajRekYQz/uq/8JVy/S6BpiraK9mHLROg+1MRtSksuLS7Bnxpl86F7dAOkunw9BBwugQaSjGAcH15ebKxz+U80ZfQKZgqWeHSfq7+lNE/mS3HSeH9JSPc/lHYZqIo4cIzoURnTI8+MmkJ4v/rk8yudrOQ53ef0cNipdpCT2QuimcLoNhc1Lfcxcp2zXt/wiFT3lY4zZLV84P+nFYo9mrWvGCVTr7yVbjg2wtc9glyj0xDQ2lZrfrchZWN
2025-01-03 17:34:22,457 - INFO - 파일 저장 성공: data/krx_KSQ_20250103.csv
2025-01-03 17:34:23,485 - INFO - 데이터베이스에 성공적으로 저장되었습니다: data/krx_KSQ_20250103.csv
